<?xml version="1.0" encoding="UTF-8"?>
<testsuite name="KotlinStringTest" tests="1" skipped="0" failures="0" errors="0" timestamp="2024-07-08T08:45:56" hostname="Ryanui-MacBookAir.local" time="0.065">
  <properties/>
  <testcase name="test3()" classname="KotlinStringTest" time="0.065"/>
  <system-out><![CDATA[idk
]]></system-out>
  <system-err><![CDATA[]]></system-err>
</testsuite>
